Using pre-set license
Built from '6000.0/staging' branch; Version is '6000.0.40f1 (157d81624ddf) revision 1408385'; Using compiler version '193933523'; Build Type 'Release'
OS: 'Windows 11  (10.0.26100) 64bit Core' Language: 'en' Physical Memory: 32469 MB
BatchMode: 1, IsHumanControllingUs: 0, StartBugReporterOnCrash: 0, Is64bit: 1, IsPro: 1

COMMAND LINE ARGUMENTS:
C:\Program Files\Unity\Hub\Editor\6000.0.40f1\Editor\Unity.exe
-adb2
-batchMode
-noUpm
-name
AssetImportWorker13
-projectPath
C:/Users/Admin/Ad Drone Tycoon
-logFile
Logs/AssetImportWorker13.log
-srvPort
54090
-job-worker-count
7
-background-job-worker-count
8
-gc-helper-count
1
Successfully changed project path to: C:/Users/Admin/Ad Drone Tycoon
C:/Users/Admin/Ad Drone Tycoon
[UnityMemory] Configuration Parameters - Can be set up in boot.config
    "memorysetup-bucket-allocator-granularity=16"
    "memorysetup-bucket-allocator-bucket-count=8"
    "memorysetup-bucket-allocator-block-size=33554432"
    "memorysetup-bucket-allocator-block-count=8"
    "memorysetup-main-allocator-block-size=16777216"
    "memorysetup-thread-allocator-block-size=16777216"
    "memorysetup-gfx-main-allocator-block-size=16777216"
    "memorysetup-gfx-thread-allocator-block-size=16777216"
    "memorysetup-cache-allocator-block-size=4194304"
    "memorysetup-typetree-allocator-block-size=2097152"
    "memorysetup-profiler-bucket-allocator-granularity=16"
    "memorysetup-profiler-bucket-allocator-bucket-count=8"
    "memorysetup-profiler-bucket-allocator-block-size=33554432"
    "memorysetup-profiler-bucket-allocator-block-count=8"
    "memorysetup-profiler-allocator-block-size=16777216"
    "memorysetup-profiler-editor-allocator-block-size=1048576"
    "memorysetup-temp-allocator-size-main=16777216"
    "memorysetup-job-temp-allocator-block-size=2097152"
    "memorysetup-job-temp-allocator-block-size-background=1048576"
    "memorysetup-job-temp-allocator-reduction-small-platforms=262144"
    "memorysetup-allocator-temp-initial-block-size-main=262144"
    "memorysetup-allocator-temp-initial-block-size-worker=262144"
    "memorysetup-temp-allocator-size-background-worker=32768"
    "memorysetup-temp-allocator-size-job-worker=262144"
    "memorysetup-temp-allocator-size-preload-manager=33554432"
    "memorysetup-temp-allocator-size-nav-mesh-worker=65536"
    "memorysetup-temp-allocator-size-audio-worker=65536"
    "memorysetup-temp-allocator-size-cloud-worker=32768"
    "memorysetup-temp-allocator-size-gi-baking-worker=262144"
    "memorysetup-temp-allocator-size-gi-baking-worker=262144"
    "memorysetup-temp-allocator-size-gi-baking-worker=262144"
    "memorysetup-temp-allocator-size-gi-baking-worker=262144"
    "memorysetup-temp-allocator-size-gi-baking-worker=262144"
    "memorysetup-temp-allocator-size-gfx=262144"
Player connection [29336]  Target information:

Player connection [29336]  * "[IP] 192.168.10.21 [Port] 0 [Flags] 2 [Guid] 1505349047 [EditorId] 1505349047 [Version] 1048832 [Id] WindowsEditor(7,MSI) [Debug] 1 [PackageName] WindowsEditor [ProjectName] Editor" 

Player connection [29336] Host joined multi-casting on [225.0.0.222:54997]...
Player connection [29336] Host joined alternative multi-casting on [225.0.0.222:34997]...
JobSystem: Creating JobQueue using job-worker-count value 7
Input System module state changed to: Initialized.
[Physics::Module] Initialized fallback backend.
[Physics::Module] Id: 0xdecafbad
Library Redirect Path: Library/
[Physics::Module] Selected backend.
[Physics::Module] Name: PhysX
[Physics::Module] Id: 0xf2b8ea05
[Physics::Module] SDK Version: 4.1.2
[Physics::Module] Integration Version: 1.0.0
[Physics::Module] Threading Mode: Multi-Threaded
Refreshing native plugins compatible for Editor in 156.73 ms, found 3 plugins.
Preloading 0 native plugins for Editor in 0.00 ms.
Initialize engine version: 6000.0.40f1 (157d81624ddf)
[Subsystems] Discovering subsystems at path C:/Program Files/Unity/Hub/Editor/6000.0.40f1/Editor/Data/Resources/UnitySubsystems
[Subsystems] Discovering subsystems at path C:/Users/Admin/Ad Drone Tycoon/Assets
GfxDevice: creating device client; kGfxThreadingModeNonThreaded
Direct3D:
    Version:  Direct3D 11.0 [level 11.1]
    Renderer: NVIDIA GeForce RTX 3050 Ti Laptop GPU (ID=0x25a0)
    Vendor:   NVIDIA
    VRAM:     3962 MB
    Driver:   32.0.15.5599
Initialize mono
Mono path[0] = 'C:/Program Files/Unity/Hub/Editor/6000.0.40f1/Editor/Data/Managed'
Mono path[1] = 'C:/Program Files/Unity/Hub/Editor/6000.0.40f1/Editor/Data/MonoBleedingEdge/lib/mono/unityjit-win32'
Mono config path = 'C:/Program Files/Unity/Hub/Editor/6000.0.40f1/Editor/Data/MonoBleedingEdge/etc'
Using monoOptions --debugger-agent=transport=dt_socket,embedding=1,server=y,suspend=n,address=127.0.0.1:56000
Begin MonoManager ReloadAssembly
Registering precompiled unity dll's ...
Register platform support module: C:/Program Files/Unity/Hub/Editor/6000.0.40f1/Editor/Data/PlaybackEngines/WindowsStandaloneSupport/UnityEditor.WindowsStandalone.Extensions.dll
Registered in 0.006720 seconds.
- Loaded All Assemblies, in  1.762 seconds
Native extension for WindowsStandalone target not found
Mono: successfully reloaded assembly
- Finished resetting the current domain, in  0.726 seconds
Domain Reload Profiling: 2483ms
	BeginReloadAssembly (269ms)
		ExecutionOrderSort (0ms)
		DisableScriptedObjects (0ms)
		BackupInstance (0ms)
		ReleaseScriptingObjects (0ms)
		CreateAndSetChildDomain (1ms)
	RebuildCommonClasses (331ms)
	RebuildNativeTypeToScriptingClass (22ms)
	initialDomainReloadingComplete (98ms)
	LoadAllAssembliesAndSetupDomain (1036ms)
		LoadAssemblies (262ms)
		RebuildTransferFunctionScriptingTraits (0ms)
		AnalyzeDomain (1030ms)
			TypeCache.Refresh (1025ms)
				TypeCache.ScanAssembly (993ms)
			BuildScriptInfoCaches (0ms)
			ResolveRequiredComponents (1ms)
	FinalizeReload (727ms)
		ReleaseScriptCaches (0ms)
		RebuildScriptCaches (0ms)
		SetupLoadedEditorAssemblies (629ms)
			LogAssemblyErrors (0ms)
			InitializePlatformSupportModulesInManaged (49ms)
			SetLoadedEditorAssemblies (9ms)
			BeforeProcessingInitializeOnLoad (105ms)
			ProcessInitializeOnLoadAttributes (315ms)
			ProcessInitializeOnLoadMethodAttributes (151ms)
			AfterProcessingInitializeOnLoad (0ms)
			EditorAssembliesLoaded (0ms)
		ExecutionOrderSort2 (0ms)
		AwakeInstancesAfterBackupRestoration (0ms)
========================================================================
Worker process is ready to serve import requests
Import Worker Mode flag is 0x00
Begin MonoManager ReloadAssembly
Duplicate assembly 'log4net.dll' with different versions detected, using 'Packages/com.unity.package-validation-suite/Lib/Editor/log4net.dll, AssemblyName=log4net, Version=2.0.8.0, Culture=neutral, PublicKeyToken=669e0ddf0bb1aa2a' and ignoring 'Packages/com.unity.collab-proxy/Lib/Editor/log4netPlastic.dll, AssemblyName=log4net, Version=1.2.15.0, Culture=neutral, PublicKeyToken=669e0ddf0bb1aa2a'.- Loaded All Assemblies, in  1.685 seconds
Refreshing native plugins compatible for Editor in 1.83 ms, found 3 plugins.
Native extension for WindowsStandalone target not found
[MODES] ModeService[none].Initialize
[MODES] ModeService[none].LoadModes
[MODES] Loading mode Default (0) for mode-current-id-Ad Drone Tycoon
Mono: successfully reloaded assembly
- Finished resetting the current domain, in  2.793 seconds
Domain Reload Profiling: 4469ms
	BeginReloadAssembly (329ms)
		ExecutionOrderSort (0ms)
		DisableScriptedObjects (11ms)
		BackupInstance (0ms)
		ReleaseScriptingObjects (0ms)
		CreateAndSetChildDomain (55ms)
	RebuildCommonClasses (75ms)
	RebuildNativeTypeToScriptingClass (28ms)
	initialDomainReloadingComplete (88ms)
	LoadAllAssembliesAndSetupDomain (1154ms)
		LoadAssemblies (731ms)
		RebuildTransferFunctionScriptingTraits (0ms)
		AnalyzeDomain (611ms)
			TypeCache.Refresh (480ms)
				TypeCache.ScanAssembly (354ms)
			BuildScriptInfoCaches (100ms)
			ResolveRequiredComponents (24ms)
	FinalizeReload (2794ms)
		ReleaseScriptCaches (0ms)
		RebuildScriptCaches (0ms)
		SetupLoadedEditorAssemblies (1666ms)
			LogAssemblyErrors (0ms)
			InitializePlatformSupportModulesInManaged (5ms)
			SetLoadedEditorAssemblies (10ms)
			BeforeProcessingInitializeOnLoad (401ms)
			ProcessInitializeOnLoadAttributes (944ms)
			ProcessInitializeOnLoadMethodAttributes (294ms)
			AfterProcessingInitializeOnLoad (12ms)
			EditorAssembliesLoaded (1ms)
		ExecutionOrderSort2 (0ms)
		AwakeInstancesAfterBackupRestoration (10ms)
Launched and connected shader compiler UnityShaderCompiler.exe after 0.03 seconds
Refreshing native plugins compatible for Editor in 3.13 ms, found 3 plugins.
Preloading 0 native plugins for Editor in 0.00 ms.
Unloading 233 Unused Serialized files (Serialized files now loaded: 0)
Unloading 6763 unused Assets / (7.7 MB). Loaded Objects now: 7441.
Memory consumption went from 174.1 MB to 166.4 MB.
Total: 29.897600 ms (FindLiveObjects: 1.434300 ms CreateObjectMapping: 2.068500 ms MarkObjects: 15.663600 ms  DeleteObjects: 10.728000 ms)

========================================================================
Received Import Request.
  Time since last request: 1536239.337624 seconds.
  path: Packages/com.unity.searcher/Editor/Resources/FlatSkin/Font/Roboto-Bold.ttf
  artifactKey: Guid(3750c318f40cab44a97d3a81beaefeb3) Importer(815301076,1909f56bfc062723c751e8b465ee728b)
Start importing Packages/com.unity.searcher/Editor/Resources/FlatSkin/Font/Roboto-Bold.ttf using Guid(3750c318f40cab44a97d3a81beaefeb3) Importer(815301076,1909f56bfc062723c751e8b465ee728b) (PreviewImporter) -> (artifact id: 'b8af9ecc9466c39c3f5c7a018f8f7a72') in 0.9574994 seconds
Number of updated asset objects reloaded before import = 0Number of asset objects unloaded after import = 6

========================================================================
Received Import Request.
  Time since last request: 42.302638 seconds.
  path: Assets/Heat - Complete Modern UI/Textures/Placeholders/Achievement/Achievement 3.png
  artifactKey: Guid(96f2bb0ce8fff0f418073f00e8df2491) Importer(815301076,1909f56bfc062723c751e8b465ee728b)
Start importing Assets/Heat - Complete Modern UI/Textures/Placeholders/Achievement/Achievement 3.png using Guid(96f2bb0ce8fff0f418073f00e8df2491) Importer(815301076,1909f56bfc062723c751e8b465ee728b) (PreviewImporter) -> (artifact id: '1c7e1b71ce0d27c7fa15f69930144832') in 0.0461145 seconds
Number of updated asset objects reloaded before import = 0Number of asset objects unloaded after import = 3

========================================================================
Received Import Request.
  Time since last request: 0.000039 seconds.
  path: Assets/Heat - Complete Modern UI/Textures/Icons/Misc/Audio (64x).png
  artifactKey: Guid(c469889db0eea1a459df9473c96b26fb) Importer(815301076,1909f56bfc062723c751e8b465ee728b)
Start importing Assets/Heat - Complete Modern UI/Textures/Icons/Misc/Audio (64x).png using Guid(c469889db0eea1a459df9473c96b26fb) Importer(815301076,1909f56bfc062723c751e8b465ee728b) (PreviewImporter) -> (artifact id: '70bebe9f4456e2cc5fcbb530c4c67dc9') in 0.0306858 seconds
Number of updated asset objects reloaded before import = 0Number of asset objects unloaded after import = 3

========================================================================
Received Import Request.
  Time since last request: 0.000030 seconds.
  path: Assets/Heat - Complete Modern UI/Textures/Controllers/DualSense/DualSense Cross.png
  artifactKey: Guid(3b920416d4556c0428c03d5d63c18836) Importer(815301076,1909f56bfc062723c751e8b465ee728b)
Start importing Assets/Heat - Complete Modern UI/Textures/Controllers/DualSense/DualSense Cross.png using Guid(3b920416d4556c0428c03d5d63c18836) Importer(815301076,1909f56bfc062723c751e8b465ee728b) (PreviewImporter) -> (artifact id: '2173654257060ce27f9737d2a054595b') in 0.0259573 seconds
Number of updated asset objects reloaded before import = 0Number of asset objects unloaded after import = 3

========================================================================
Received Import Request.
  Time since last request: 0.000044 seconds.
  path: Assets/Heat - Complete Modern UI/Textures/Icons/Misc/Credits (64x).png
  artifactKey: Guid(6ae3f44caa52aa94ea7df9d0e187ee77) Importer(815301076,1909f56bfc062723c751e8b465ee728b)
Start importing Assets/Heat - Complete Modern UI/Textures/Icons/Misc/Credits (64x).png using Guid(6ae3f44caa52aa94ea7df9d0e187ee77) Importer(815301076,1909f56bfc062723c751e8b465ee728b) (PreviewImporter) -> (artifact id: '0f89dd3355e86026e322335f56bb814d') in 0.0291249 seconds
Number of updated asset objects reloaded before import = 0Number of asset objects unloaded after import = 3

========================================================================
Received Import Request.
  Time since last request: 0.000028 seconds.
  path: Assets/Heat - Complete Modern UI/Textures/Placeholders/Achievement/Achievement 5.png
  artifactKey: Guid(57b2c596f4084bc44b426791635ec8f9) Importer(815301076,1909f56bfc062723c751e8b465ee728b)
Start importing Assets/Heat - Complete Modern UI/Textures/Placeholders/Achievement/Achievement 5.png using Guid(57b2c596f4084bc44b426791635ec8f9) Importer(815301076,1909f56bfc062723c751e8b465ee728b) (PreviewImporter) -> (artifact id: 'fe46f7f2e25bf5999c41a0f9d6123f71') in 0.0263867 seconds
Number of updated asset objects reloaded before import = 0Number of asset objects unloaded after import = 3

========================================================================
Received Import Request.
  Time since last request: 0.000027 seconds.
  path: Assets/Heat - Complete Modern UI/Textures/Controllers/DualSense/DualSesne Dpad.png
  artifactKey: Guid(8bafa4ccb4644d446a1fba150bfc040a) Importer(815301076,1909f56bfc062723c751e8b465ee728b)
Start importing Assets/Heat - Complete Modern UI/Textures/Controllers/DualSense/DualSesne Dpad.png using Guid(8bafa4ccb4644d446a1fba150bfc040a) Importer(815301076,1909f56bfc062723c751e8b465ee728b) (PreviewImporter) -> (artifact id: '1f98ea9b8ef27becae65eaeec8213f92') in 0.0276712 seconds
Number of updated asset objects reloaded before import = 0Number of asset objects unloaded after import = 3

========================================================================
Received Import Request.
  Time since last request: 0.000035 seconds.
  path: Assets/Heat - Complete Modern UI/Editor/Icons/EditorCredits.png
  artifactKey: Guid(59deb41d54b5d8745aab5f6369a24361) Importer(815301076,1909f56bfc062723c751e8b465ee728b)
Start importing Assets/Heat - Complete Modern UI/Editor/Icons/EditorCredits.png using Guid(59deb41d54b5d8745aab5f6369a24361) Importer(815301076,1909f56bfc062723c751e8b465ee728b) (PreviewImporter) -> (artifact id: 'e76b31fbf2e8b8cbf0d0df32ac11195f') in 0.0267039 seconds
Number of updated asset objects reloaded before import = 0Number of asset objects unloaded after import = 2

========================================================================
Received Import Request.
  Time since last request: 0.000050 seconds.
  path: Assets/Packages/DroneController/Visuals/Models/Drones/Buzzer/Textures/BuzzerOcclusion.png
  artifactKey: Guid(d9a524a52f62649d28116eb328912eb1) Importer(815301076,1909f56bfc062723c751e8b465ee728b)
Start importing Assets/Packages/DroneController/Visuals/Models/Drones/Buzzer/Textures/BuzzerOcclusion.png using Guid(d9a524a52f62649d28116eb328912eb1) Importer(815301076,1909f56bfc062723c751e8b465ee728b) (PreviewImporter) -> (artifact id: 'd31e8021e9bc026d00fe2146e17bf64f') in 0.0414029 seconds
Number of updated asset objects reloaded before import = 0Number of asset objects unloaded after import = 2

========================================================================
Received Import Request.
  Time since last request: 0.000027 seconds.
  path: Assets/Heat - Complete Modern UI/Textures/Placeholders/Background/Credits Placeholder.png
  artifactKey: Guid(f52dbec2b1338ea479a11e6d2735e315) Importer(815301076,1909f56bfc062723c751e8b465ee728b)
Start importing Assets/Heat - Complete Modern UI/Textures/Placeholders/Background/Credits Placeholder.png using Guid(f52dbec2b1338ea479a11e6d2735e315) Importer(815301076,1909f56bfc062723c751e8b465ee728b) (PreviewImporter) -> (artifact id: '8d44a15d56867d64acac62c9f84bf2d2') in 0.0389935 seconds
Number of updated asset objects reloaded before import = 0Number of asset objects unloaded after import = 3

========================================================================
Received Import Request.
  Time since last request: 0.000033 seconds.
  path: Assets/Heat - Complete Modern UI/Textures/Icons/Navigation/Arrow Top (64x).png
  artifactKey: Guid(93cd4e9d3c0f5904daaff7b3baaf6c69) Importer(815301076,1909f56bfc062723c751e8b465ee728b)
Start importing Assets/Heat - Complete Modern UI/Textures/Icons/Navigation/Arrow Top (64x).png using Guid(93cd4e9d3c0f5904daaff7b3baaf6c69) Importer(815301076,1909f56bfc062723c751e8b465ee728b) (PreviewImporter) -> (artifact id: '8d9b730efc43375fc071e2f35520e5af') in 0.0266075 seconds
Number of updated asset objects reloaded before import = 0Number of asset objects unloaded after import = 3

========================================================================
Received Import Request.
  Time since last request: 0.000036 seconds.
  path: Assets/Heat - Complete Modern UI/Editor/Icons/EditorAchievements.png
  artifactKey: Guid(9dea0dfd7806a334e886b3f8a1b14b82) Importer(815301076,1909f56bfc062723c751e8b465ee728b)
Start importing Assets/Heat - Complete Modern UI/Editor/Icons/EditorAchievements.png using Guid(9dea0dfd7806a334e886b3f8a1b14b82) Importer(815301076,1909f56bfc062723c751e8b465ee728b) (PreviewImporter) -> (artifact id: 'd11efa76e9aad244a4ee81d37f53966e') in 0.0288052 seconds
Number of updated asset objects reloaded before import = 0Number of asset objects unloaded after import = 2

========================================================================
Received Import Request.
  Time since last request: 0.000101 seconds.
  path: Assets/Heat - Complete Modern UI/Textures/Controllers/DualSense/DualSense Right Stick All.png
  artifactKey: Guid(ef1cc92798e5f8949815e745d2032ffc) Importer(815301076,1909f56bfc062723c751e8b465ee728b)
Start importing Assets/Heat - Complete Modern UI/Textures/Controllers/DualSense/DualSense Right Stick All.png using Guid(ef1cc92798e5f8949815e745d2032ffc) Importer(815301076,1909f56bfc062723c751e8b465ee728b) (PreviewImporter) -> (artifact id: 'e814b730a1d236610e461a5a53f92d26') in 0.0348581 seconds
Number of updated asset objects reloaded before import = 0Number of asset objects unloaded after import = 3

========================================================================
Received Import Request.
  Time since last request: 0.000034 seconds.
  path: Assets/Heat - Complete Modern UI/Textures/Controllers/DualSense/DualSense Dpad Right.png
  artifactKey: Guid(22baf584d8d62584ba2de472668c1895) Importer(815301076,1909f56bfc062723c751e8b465ee728b)
Start importing Assets/Heat - Complete Modern UI/Textures/Controllers/DualSense/DualSense Dpad Right.png using Guid(22baf584d8d62584ba2de472668c1895) Importer(815301076,1909f56bfc062723c751e8b465ee728b) (PreviewImporter) -> (artifact id: '7b791f338f018244e58eda945cefd996') in 0.0300883 seconds
Number of updated asset objects reloaded before import = 0Number of asset objects unloaded after import = 3

========================================================================
Received Import Request.
  Time since last request: 0.000051 seconds.
  path: Assets/Heat - Complete Modern UI/Textures/Icons/Navigation/Close Circle (64x).png
  artifactKey: Guid(f01ce7fcd8365f0489dc24ec78a45d02) Importer(815301076,1909f56bfc062723c751e8b465ee728b)
Start importing Assets/Heat - Complete Modern UI/Textures/Icons/Navigation/Close Circle (64x).png using Guid(f01ce7fcd8365f0489dc24ec78a45d02) Importer(815301076,1909f56bfc062723c751e8b465ee728b) (PreviewImporter) -> (artifact id: '73cb89728e37f15666509c0e429fae44') in 0.028936 seconds
Number of updated asset objects reloaded before import = 0Number of asset objects unloaded after import = 3

========================================================================
Received Import Request.
  Time since last request: 0.000034 seconds.
  path: Assets/Heat - Complete Modern UI/Textures/Placeholders/Background/Achievements Background.png
  artifactKey: Guid(b8203f22905be8649936b198dd1f2994) Importer(815301076,1909f56bfc062723c751e8b465ee728b)
Start importing Assets/Heat - Complete Modern UI/Textures/Placeholders/Background/Achievements Background.png using Guid(b8203f22905be8649936b198dd1f2994) Importer(815301076,1909f56bfc062723c751e8b465ee728b) (PreviewImporter) -> (artifact id: '1ca4352981dafb0da2e3a6b80ab27b94') in 0.0366069 seconds
Number of updated asset objects reloaded before import = 0Number of asset objects unloaded after import = 3

========================================================================
Received Import Request.
  Time since last request: 0.000047 seconds.
  path: Assets/Heat - Complete Modern UI/Editor/Icons/EditorController.png
  artifactKey: Guid(70b6ed493cdde1b4a911df2d89e1694f) Importer(815301076,1909f56bfc062723c751e8b465ee728b)
Start importing Assets/Heat - Complete Modern UI/Editor/Icons/EditorController.png using Guid(70b6ed493cdde1b4a911df2d89e1694f) Importer(815301076,1909f56bfc062723c751e8b465ee728b) (PreviewImporter) -> (artifact id: '109917af9f98319a0a73fafe75454ee8') in 0.0296378 seconds
Number of updated asset objects reloaded before import = 0Number of asset objects unloaded after import = 2

========================================================================
Received Import Request.
  Time since last request: 0.000048 seconds.
  path: Assets/Heat - Complete Modern UI/Textures/Icons/Navigation/Close (64x).png
  artifactKey: Guid(6d5c43607344e234bb8d00784698c6d3) Importer(815301076,1909f56bfc062723c751e8b465ee728b)
Start importing Assets/Heat - Complete Modern UI/Textures/Icons/Navigation/Close (64x).png using Guid(6d5c43607344e234bb8d00784698c6d3) Importer(815301076,1909f56bfc062723c751e8b465ee728b) (PreviewImporter) -> (artifact id: '32c889dd98c3edb4d2003a30133a2e54') in 0.0274255 seconds
Number of updated asset objects reloaded before import = 0Number of asset objects unloaded after import = 3

========================================================================
Received Import Request.
  Time since last request: 0.000035 seconds.
  path: Assets/Heat - Complete Modern UI/Textures/Icons/Spinners/Basic Spinner (64x).png
  artifactKey: Guid(2632f1972be019d45a619922f51048fe) Importer(815301076,1909f56bfc062723c751e8b465ee728b)
Start importing Assets/Heat - Complete Modern UI/Textures/Icons/Spinners/Basic Spinner (64x).png using Guid(2632f1972be019d45a619922f51048fe) Importer(815301076,1909f56bfc062723c751e8b465ee728b) (PreviewImporter) -> (artifact id: '66be22aaecc34e8eb5d3c22f079ee5c8') in 0.0281147 seconds
Number of updated asset objects reloaded before import = 0Number of asset objects unloaded after import = 3

========================================================================
Received Import Request.
  Time since last request: 0.000036 seconds.
  path: Assets/Heat - Complete Modern UI/Textures/Controllers/DualSense/DualSense Left Stick All.png
  artifactKey: Guid(516d1d282c90d0f4bbcd977733017db0) Importer(815301076,1909f56bfc062723c751e8b465ee728b)
Start importing Assets/Heat - Complete Modern UI/Textures/Controllers/DualSense/DualSense Left Stick All.png using Guid(516d1d282c90d0f4bbcd977733017db0) Importer(815301076,1909f56bfc062723c751e8b465ee728b) (PreviewImporter) -> (artifact id: 'd625b9edee96a701be981119d3ee60b4') in 0.0286081 seconds
Number of updated asset objects reloaded before import = 0Number of asset objects unloaded after import = 3

========================================================================
Received Import Request.
  Time since last request: 0.000053 seconds.
  path: Assets/Heat - Complete Modern UI/Textures/Controllers/DualSense/DualSense Left Stick Vertical.png
  artifactKey: Guid(fb910d78237a11b4d94b56c7a726b490) Importer(815301076,1909f56bfc062723c751e8b465ee728b)
Start importing Assets/Heat - Complete Modern UI/Textures/Controllers/DualSense/DualSense Left Stick Vertical.png using Guid(fb910d78237a11b4d94b56c7a726b490) Importer(815301076,1909f56bfc062723c751e8b465ee728b) (PreviewImporter) -> (artifact id: '175a409d797772a8aea87609d2cbc95c') in 0.0331065 seconds
Number of updated asset objects reloaded before import = 0Number of asset objects unloaded after import = 3

========================================================================
Received Prepare
Begin MonoManager ReloadAssembly
Duplicate assembly 'log4net.dll' with different versions detected, using 'Packages/com.unity.package-validation-suite/Lib/Editor/log4net.dll, AssemblyName=log4net, Version=2.0.8.0, Culture=neutral, PublicKeyToken=669e0ddf0bb1aa2a' and ignoring 'Packages/com.unity.collab-proxy/Lib/Editor/log4netPlastic.dll, AssemblyName=log4net, Version=1.2.15.0, Culture=neutral, PublicKeyToken=669e0ddf0bb1aa2a'.- Loaded All Assemblies, in  1.513 seconds
Refreshing native plugins compatible for Editor in 3.28 ms, found 3 plugins.
Native extension for WindowsStandalone target not found
[MODES] ModeService[none].Initialize
[MODES] ModeService[none].LoadModes
Mono: successfully reloaded assembly
- Finished resetting the current domain, in  2.144 seconds
Domain Reload Profiling: 3659ms
	BeginReloadAssembly (379ms)
		ExecutionOrderSort (0ms)
		DisableScriptedObjects (42ms)
		BackupInstance (0ms)
		ReleaseScriptingObjects (0ms)
		CreateAndSetChildDomain (83ms)
	RebuildCommonClasses (72ms)
	RebuildNativeTypeToScriptingClass (29ms)
	initialDomainReloadingComplete (52ms)
	LoadAllAssembliesAndSetupDomain (981ms)
		LoadAssemblies (699ms)
		RebuildTransferFunctionScriptingTraits (0ms)
		AnalyzeDomain (460ms)
			TypeCache.Refresh (12ms)
				TypeCache.ScanAssembly (0ms)
			BuildScriptInfoCaches (404ms)
			ResolveRequiredComponents (35ms)
	FinalizeReload (2145ms)
		ReleaseScriptCaches (0ms)
		RebuildScriptCaches (0ms)
		SetupLoadedEditorAssemblies (1685ms)
			LogAssemblyErrors (0ms)
			InitializePlatformSupportModulesInManaged (8ms)
			SetLoadedEditorAssemblies (19ms)
			BeforeProcessingInitializeOnLoad (465ms)
			ProcessInitializeOnLoadAttributes (954ms)
			ProcessInitializeOnLoadMethodAttributes (222ms)
			AfterProcessingInitializeOnLoad (16ms)
			EditorAssembliesLoaded (1ms)
		ExecutionOrderSort2 (0ms)
		AwakeInstancesAfterBackupRestoration (29ms)
Refreshing native plugins compatible for Editor in 3.11 ms, found 3 plugins.
Preloading 0 native plugins for Editor in 0.00 ms.
Unloading 47 Unused Serialized files (Serialized files now loaded: 0)
Unloading 6758 unused Assets / (7.0 MB). Loaded Objects now: 7533.
Memory consumption went from 168.9 MB to 161.9 MB.
Total: 23.078200 ms (FindLiveObjects: 1.330200 ms CreateObjectMapping: 1.714900 ms MarkObjects: 13.475900 ms  DeleteObjects: 6.554500 ms)

Prepare: number of updated asset objects reloaded= 0
========================================================================
Received Import Request.
  Time since last request: 15.491825 seconds.
  path: Assets/TextMesh Pro/Resources/Fonts & Materials/LiberationSans SDF.asset
  artifactKey: Guid(8f586378b4e144a9851e7b34d9b748ee) Importer(815301076,1909f56bfc062723c751e8b465ee728b)
Start importing Assets/TextMesh Pro/Resources/Fonts & Materials/LiberationSans SDF.asset using Guid(8f586378b4e144a9851e7b34d9b748ee) Importer(815301076,1909f56bfc062723c751e8b465ee728b) (PreviewImporter) -> (artifact id: 'ac00b34684ac5a71c9961dd0a25eed2f') in 1.1230106 seconds
Number of updated asset objects reloaded before import = 0Number of asset objects unloaded after import = 10

========================================================================
Received Import Request.
  Time since last request: 0.000059 seconds.
  path: Assets/GARAGE/Models/Materials/MAT_garage_01.mat
  artifactKey: Guid(226d0e3fabf98d24cbb17750bbe8ffb4) Importer(815301076,1909f56bfc062723c751e8b465ee728b)
Start importing Assets/GARAGE/Models/Materials/MAT_garage_01.mat using Guid(226d0e3fabf98d24cbb17750bbe8ffb4) Importer(815301076,1909f56bfc062723c751e8b465ee728b) (PreviewImporter) -> (artifact id: 'cae112ab58fa406c348228a3bbd87447') in 0.0706237 seconds
Number of updated asset objects reloaded before import = 0Number of asset objects unloaded after import = 2

========================================================================
Received Import Request.
  Time since last request: 0.000050 seconds.
  path: Assets/Packages/DroneController/Visuals/Models/Drones/Parrot/Materials/Parrot.mat
  artifactKey: Guid(c4aa33128d7774dd9ac57f6e96e50a4c) Importer(815301076,1909f56bfc062723c751e8b465ee728b)
Start importing Assets/Packages/DroneController/Visuals/Models/Drones/Parrot/Materials/Parrot.mat using Guid(c4aa33128d7774dd9ac57f6e96e50a4c) Importer(815301076,1909f56bfc062723c751e8b465ee728b) (PreviewImporter) -> (artifact id: '9cdd8a40631b461b029f76a80b4a865c') in 0.0357622 seconds
Number of updated asset objects reloaded before import = 0Number of asset objects unloaded after import = 2

========================================================================
Received Import Request.
  Time since last request: 0.000036 seconds.
  path: Assets/Packages/DroneController/Visuals/Models/Drones/Racer/Materials/RacerLights.mat
  artifactKey: Guid(caaf5718349bacb4a8793e226ea4c845) Importer(815301076,1909f56bfc062723c751e8b465ee728b)
Start importing Assets/Packages/DroneController/Visuals/Models/Drones/Racer/Materials/RacerLights.mat using Guid(caaf5718349bacb4a8793e226ea4c845) Importer(815301076,1909f56bfc062723c751e8b465ee728b) (PreviewImporter) -> (artifact id: '9afbb6fb75f884fcab8c71dc2aa2c8a4') in 0.0832485 seconds
Number of updated asset objects reloaded before import = 0Number of asset objects unloaded after import = 6

Editor requested this worker to shutdown with reason: Scaling down because of idle timeout
AssetImportWorker is now disconnected from the server
Process exiting
Exiting without the bug reporter. Application will terminate with return code 0