Using pre-set license
Built from '6000.0/staging' branch; Version is '6000.0.40f1 (157d81624ddf) revision 1408385'; Using compiler version '193933523'; Build Type 'Release'
OS: 'Windows 11  (10.0.26100) 64bit Core' Language: 'en' Physical Memory: 32469 MB
BatchMode: 1, IsHumanControllingUs: 0, StartBugReporterOnCrash: 0, Is64bit: 1, IsPro: 1

COMMAND LINE ARGUMENTS:
C:\Program Files\Unity\Hub\Editor\6000.0.40f1\Editor\Unity.exe
-adb2
-batchMode
-noUpm
-name
AssetImportWorker10
-projectPath
C:/Users/Admin/Ad Drone Tycoon
-logFile
Logs/AssetImportWorker10.log
-srvPort
54090
-job-worker-count
7
-background-job-worker-count
8
-gc-helper-count
1
Successfully changed project path to: C:/Users/Admin/Ad Drone Tycoon
C:/Users/Admin/Ad Drone Tycoon
[UnityMemory] Configuration Parameters - Can be set up in boot.config
    "memorysetup-bucket-allocator-granularity=16"
    "memorysetup-bucket-allocator-bucket-count=8"
    "memorysetup-bucket-allocator-block-size=33554432"
    "memorysetup-bucket-allocator-block-count=8"
    "memorysetup-main-allocator-block-size=16777216"
    "memorysetup-thread-allocator-block-size=16777216"
    "memorysetup-gfx-main-allocator-block-size=16777216"
    "memorysetup-gfx-thread-allocator-block-size=16777216"
    "memorysetup-cache-allocator-block-size=4194304"
    "memorysetup-typetree-allocator-block-size=2097152"
    "memorysetup-profiler-bucket-allocator-granularity=16"
    "memorysetup-profiler-bucket-allocator-bucket-count=8"
    "memorysetup-profiler-bucket-allocator-block-size=33554432"
    "memorysetup-profiler-bucket-allocator-block-count=8"
    "memorysetup-profiler-allocator-block-size=16777216"
    "memorysetup-profiler-editor-allocator-block-size=1048576"
    "memorysetup-temp-allocator-size-main=16777216"
    "memorysetup-job-temp-allocator-block-size=2097152"
    "memorysetup-job-temp-allocator-block-size-background=1048576"
    "memorysetup-job-temp-allocator-reduction-small-platforms=262144"
    "memorysetup-allocator-temp-initial-block-size-main=262144"
    "memorysetup-allocator-temp-initial-block-size-worker=262144"
    "memorysetup-temp-allocator-size-background-worker=32768"
    "memorysetup-temp-allocator-size-job-worker=262144"
    "memorysetup-temp-allocator-size-preload-manager=33554432"
    "memorysetup-temp-allocator-size-nav-mesh-worker=65536"
    "memorysetup-temp-allocator-size-audio-worker=65536"
    "memorysetup-temp-allocator-size-cloud-worker=32768"
    "memorysetup-temp-allocator-size-gi-baking-worker=262144"
    "memorysetup-temp-allocator-size-gi-baking-worker=262144"
    "memorysetup-temp-allocator-size-gi-baking-worker=262144"
    "memorysetup-temp-allocator-size-gi-baking-worker=262144"
    "memorysetup-temp-allocator-size-gi-baking-worker=262144"
    "memorysetup-temp-allocator-size-gfx=262144"
Player connection [22552]  Target information:

Player connection [22552]  * "[IP] 192.168.10.21 [Port] 0 [Flags] 2 [Guid] 2271913571 [EditorId] 2271913571 [Version] 1048832 [Id] WindowsEditor(7,MSI) [Debug] 1 [PackageName] WindowsEditor [ProjectName] Editor" 

Player connection [22552] Host joined multi-casting on [225.0.0.222:54997]...
Player connection [22552] Host joined alternative multi-casting on [225.0.0.222:34997]...
JobSystem: Creating JobQueue using job-worker-count value 7
Input System module state changed to: Initialized.
[Physics::Module] Initialized fallback backend.
[Physics::Module] Id: 0xdecafbad
Library Redirect Path: Library/
[Physics::Module] Selected backend.
[Physics::Module] Name: PhysX
[Physics::Module] Id: 0xf2b8ea05
[Physics::Module] SDK Version: 4.1.2
[Physics::Module] Integration Version: 1.0.0
[Physics::Module] Threading Mode: Multi-Threaded
Refreshing native plugins compatible for Editor in 2.50 ms, found 3 plugins.
Preloading 0 native plugins for Editor in 0.00 ms.
Initialize engine version: 6000.0.40f1 (157d81624ddf)
[Subsystems] Discovering subsystems at path C:/Program Files/Unity/Hub/Editor/6000.0.40f1/Editor/Data/Resources/UnitySubsystems
[Subsystems] Discovering subsystems at path C:/Users/Admin/Ad Drone Tycoon/Assets
GfxDevice: creating device client; kGfxThreadingModeNonThreaded
Direct3D:
    Version:  Direct3D 11.0 [level 11.1]
    Renderer: NVIDIA GeForce RTX 3050 Ti Laptop GPU (ID=0x25a0)
    Vendor:   NVIDIA
    VRAM:     3962 MB
    Driver:   32.0.15.5599
Initialize mono
Mono path[0] = 'C:/Program Files/Unity/Hub/Editor/6000.0.40f1/Editor/Data/Managed'
Mono path[1] = 'C:/Program Files/Unity/Hub/Editor/6000.0.40f1/Editor/Data/MonoBleedingEdge/lib/mono/unityjit-win32'
Mono config path = 'C:/Program Files/Unity/Hub/Editor/6000.0.40f1/Editor/Data/MonoBleedingEdge/etc'
Using monoOptions --debugger-agent=transport=dt_socket,embedding=1,server=y,suspend=n,address=127.0.0.1:56072
Begin MonoManager ReloadAssembly
Registering precompiled unity dll's ...
Register platform support module: C:/Program Files/Unity/Hub/Editor/6000.0.40f1/Editor/Data/PlaybackEngines/WindowsStandaloneSupport/UnityEditor.WindowsStandalone.Extensions.dll
Registered in 0.006511 seconds.
- Loaded All Assemblies, in  0.657 seconds
Native extension for WindowsStandalone target not found
Mono: successfully reloaded assembly
- Finished resetting the current domain, in  0.596 seconds
Domain Reload Profiling: 1249ms
	BeginReloadAssembly (228ms)
		ExecutionOrderSort (0ms)
		DisableScriptedObjects (0ms)
		BackupInstance (0ms)
		ReleaseScriptingObjects (0ms)
		CreateAndSetChildDomain (1ms)
	RebuildCommonClasses (64ms)
	RebuildNativeTypeToScriptingClass (21ms)
	initialDomainReloadingComplete (93ms)
	LoadAllAssembliesAndSetupDomain (245ms)
		LoadAssemblies (224ms)
		RebuildTransferFunctionScriptingTraits (0ms)
		AnalyzeDomain (240ms)
			TypeCache.Refresh (237ms)
				TypeCache.ScanAssembly (218ms)
			BuildScriptInfoCaches (0ms)
			ResolveRequiredComponents (1ms)
	FinalizeReload (597ms)
		ReleaseScriptCaches (0ms)
		RebuildScriptCaches (0ms)
		SetupLoadedEditorAssemblies (510ms)
			LogAssemblyErrors (0ms)
			InitializePlatformSupportModulesInManaged (52ms)
			SetLoadedEditorAssemblies (8ms)
			BeforeProcessingInitializeOnLoad (81ms)
			ProcessInitializeOnLoadAttributes (268ms)
			ProcessInitializeOnLoadMethodAttributes (101ms)
			AfterProcessingInitializeOnLoad (0ms)
			EditorAssembliesLoaded (0ms)
		ExecutionOrderSort2 (0ms)
		AwakeInstancesAfterBackupRestoration (0ms)
========================================================================
Worker process is ready to serve import requests
Import Worker Mode flag is 0x00
Begin MonoManager ReloadAssembly
Duplicate assembly 'log4net.dll' with different versions detected, using 'Packages/com.unity.package-validation-suite/Lib/Editor/log4net.dll, AssemblyName=log4net, Version=2.0.8.0, Culture=neutral, PublicKeyToken=669e0ddf0bb1aa2a' and ignoring 'Packages/com.unity.collab-proxy/Lib/Editor/log4netPlastic.dll, AssemblyName=log4net, Version=1.2.15.0, Culture=neutral, PublicKeyToken=669e0ddf0bb1aa2a'.- Loaded All Assemblies, in  1.185 seconds
Refreshing native plugins compatible for Editor in 1.24 ms, found 3 plugins.
Native extension for WindowsStandalone target not found
Mono: successfully reloaded assembly
- Finished resetting the current domain, in  1.338 seconds
Domain Reload Profiling: 2511ms
	BeginReloadAssembly (234ms)
		ExecutionOrderSort (0ms)
		DisableScriptedObjects (9ms)
		BackupInstance (0ms)
		ReleaseScriptingObjects (0ms)
		CreateAndSetChildDomain (33ms)
	RebuildCommonClasses (50ms)
	RebuildNativeTypeToScriptingClass (19ms)
	initialDomainReloadingComplete (60ms)
	LoadAllAssembliesAndSetupDomain (808ms)
		LoadAssemblies (584ms)
		RebuildTransferFunctionScriptingTraits (0ms)
		AnalyzeDomain (366ms)
			TypeCache.Refresh (279ms)
				TypeCache.ScanAssembly (257ms)
			BuildScriptInfoCaches (69ms)
			ResolveRequiredComponents (14ms)
	FinalizeReload (1339ms)
		ReleaseScriptCaches (0ms)
		RebuildScriptCaches (0ms)
		SetupLoadedEditorAssemblies (1104ms)
			LogAssemblyErrors (0ms)
			InitializePlatformSupportModulesInManaged (3ms)
			SetLoadedEditorAssemblies (7ms)
			BeforeProcessingInitializeOnLoad (319ms)
			ProcessInitializeOnLoadAttributes (629ms)
			ProcessInitializeOnLoadMethodAttributes (140ms)
			AfterProcessingInitializeOnLoad (6ms)
			EditorAssembliesLoaded (0ms)
		ExecutionOrderSort2 (0ms)
		AwakeInstancesAfterBackupRestoration (7ms)
Launched and connected shader compiler UnityShaderCompiler.exe after 0.02 seconds
Refreshing native plugins compatible for Editor in 4.55 ms, found 3 plugins.
Preloading 0 native plugins for Editor in 0.00 ms.
Unloading 200 Unused Serialized files (Serialized files now loaded: 0)
Unloading 6259 unused Assets / (5.8 MB). Loaded Objects now: 6902.
Memory consumption went from 162.7 MB to 156.9 MB.
Total: 24.326700 ms (FindLiveObjects: 1.350200 ms CreateObjectMapping: 2.109700 ms MarkObjects: 14.295700 ms  DeleteObjects: 6.568300 ms)

========================================================================
Received Prepare
Refreshing native plugins compatible for Editor in 2.89 ms, found 3 plugins.
Preloading 0 native plugins for Editor in 0.00 ms.
Unloading 36 Unused Serialized files (Serialized files now loaded: 0)
Unloading 6248 unused Assets / (6.2 MB). Loaded Objects now: 6902.
Memory consumption went from 136.9 MB to 130.7 MB.
Total: 18.867200 ms (FindLiveObjects: 0.847800 ms CreateObjectMapping: 0.904300 ms MarkObjects: 11.660500 ms  DeleteObjects: 5.452200 ms)

Prepare: number of updated asset objects reloaded= 0
========================================================================
Received Prepare
Refreshing native plugins compatible for Editor in 2.08 ms, found 3 plugins.
Preloading 0 native plugins for Editor in 0.00 ms.
Unloading 36 Unused Serialized files (Serialized files now loaded: 0)
Unloading 6248 unused Assets / (5.6 MB). Loaded Objects now: 6902.
Memory consumption went from 136.9 MB to 131.3 MB.
Total: 14.743600 ms (FindLiveObjects: 0.752800 ms CreateObjectMapping: 0.778200 ms MarkObjects: 8.950100 ms  DeleteObjects: 4.260900 ms)

Prepare: number of updated asset objects reloaded= 0
========================================================================
Received Prepare
Refreshing native plugins compatible for Editor in 1.50 ms, found 3 plugins.
Preloading 0 native plugins for Editor in 0.00 ms.
Unloading 36 Unused Serialized files (Serialized files now loaded: 0)
Unloading 6248 unused Assets / (5.2 MB). Loaded Objects now: 6902.
Memory consumption went from 136.9 MB to 131.8 MB.
Total: 10.699100 ms (FindLiveObjects: 0.978100 ms CreateObjectMapping: 0.986700 ms MarkObjects: 5.630200 ms  DeleteObjects: 3.102700 ms)

Prepare: number of updated asset objects reloaded= 0
========================================================================
Received Prepare
Refreshing native plugins compatible for Editor in 2.30 ms, found 3 plugins.
Preloading 0 native plugins for Editor in 0.00 ms.
Unloading 36 Unused Serialized files (Serialized files now loaded: 0)
Unloading 6248 unused Assets / (5.5 MB). Loaded Objects now: 6902.
Memory consumption went from 136.9 MB to 131.4 MB.
Total: 15.719000 ms (FindLiveObjects: 0.820600 ms CreateObjectMapping: 1.128700 ms MarkObjects: 9.350600 ms  DeleteObjects: 4.417900 ms)

Prepare: number of updated asset objects reloaded= 0
========================================================================
Received Prepare
Refreshing native plugins compatible for Editor in 2.52 ms, found 3 plugins.
Preloading 0 native plugins for Editor in 0.00 ms.
Unloading 36 Unused Serialized files (Serialized files now loaded: 0)
Unloading 6248 unused Assets / (6.9 MB). Loaded Objects now: 6902.
Memory consumption went from 136.9 MB to 130.1 MB.
Total: 17.563200 ms (FindLiveObjects: 1.030900 ms CreateObjectMapping: 1.342700 ms MarkObjects: 8.099200 ms  DeleteObjects: 7.088500 ms)

Prepare: number of updated asset objects reloaded= 0
========================================================================
Received Prepare
Begin MonoManager ReloadAssembly
Duplicate assembly 'log4net.dll' with different versions detected, using 'Packages/com.unity.package-validation-suite/Lib/Editor/log4net.dll, AssemblyName=log4net, Version=2.0.8.0, Culture=neutral, PublicKeyToken=669e0ddf0bb1aa2a' and ignoring 'Packages/com.unity.collab-proxy/Lib/Editor/log4netPlastic.dll, AssemblyName=log4net, Version=1.2.15.0, Culture=neutral, PublicKeyToken=669e0ddf0bb1aa2a'.- Loaded All Assemblies, in  3.152 seconds
Refreshing native plugins compatible for Editor in 1.75 ms, found 3 plugins.
Native extension for WindowsStandalone target not found
Mono: successfully reloaded assembly
- Finished resetting the current domain, in  1.411 seconds
Domain Reload Profiling: 4557ms
	BeginReloadAssembly (591ms)
		ExecutionOrderSort (0ms)
		DisableScriptedObjects (10ms)
		BackupInstance (0ms)
		ReleaseScriptingObjects (0ms)
		CreateAndSetChildDomain (70ms)
	RebuildCommonClasses (178ms)
	RebuildNativeTypeToScriptingClass (24ms)
	initialDomainReloadingComplete (55ms)
	LoadAllAssembliesAndSetupDomain (2297ms)
		LoadAssemblies (2519ms)
		RebuildTransferFunctionScriptingTraits (0ms)
		AnalyzeDomain (229ms)
			TypeCache.Refresh (11ms)
				TypeCache.ScanAssembly (1ms)
			BuildScriptInfoCaches (196ms)
			ResolveRequiredComponents (16ms)
	FinalizeReload (1412ms)
		ReleaseScriptCaches (0ms)
		RebuildScriptCaches (0ms)
		SetupLoadedEditorAssemblies (1000ms)
			LogAssemblyErrors (0ms)
			InitializePlatformSupportModulesInManaged (4ms)
			SetLoadedEditorAssemblies (10ms)
			BeforeProcessingInitializeOnLoad (285ms)
			ProcessInitializeOnLoadAttributes (612ms)
			ProcessInitializeOnLoadMethodAttributes (80ms)
			AfterProcessingInitializeOnLoad (8ms)
			EditorAssembliesLoaded (0ms)
		ExecutionOrderSort2 (0ms)
		AwakeInstancesAfterBackupRestoration (15ms)
Refreshing native plugins compatible for Editor in 1.09 ms, found 3 plugins.
Preloading 0 native plugins for Editor in 0.00 ms.
Unloading 46 Unused Serialized files (Serialized files now loaded: 0)
Unloading 6254 unused Assets / (6.0 MB). Loaded Objects now: 6918.
Memory consumption went from 151.9 MB to 145.9 MB.
Total: 8.629400 ms (FindLiveObjects: 0.573200 ms CreateObjectMapping: 0.556500 ms MarkObjects: 4.308200 ms  DeleteObjects: 3.190700 ms)

Prepare: number of updated asset objects reloaded= 0
========================================================================
Received Import Request.
  Time since last request: 1440545.898698 seconds.
  path: Assets/GARAGE/Models/mesh_door_01.fbx
  artifactKey: Guid(f45833da7a4d94f4f8516dfe8352d6e9) Importer(815301076,1909f56bfc062723c751e8b465ee728b)
Start importing Assets/GARAGE/Models/mesh_door_01.fbx using Guid(f45833da7a4d94f4f8516dfe8352d6e9) Importer(815301076,1909f56bfc062723c751e8b465ee728b) (PreviewImporter) -> (artifact id: 'be86aaf8f17ee3bf910ddbad62781269') in 1.0388906 seconds
Number of updated asset objects reloaded before import = 0Number of asset objects unloaded after import = 10

========================================================================
Received Import Request.
  Time since last request: 0.000038 seconds.
  path: Assets/GARAGE/Prefabs/PREF_props_bottle_02.prefab
  artifactKey: Guid(9cf0a92a7199aae459d6433b9de08643) Importer(815301076,1909f56bfc062723c751e8b465ee728b)
Start importing Assets/GARAGE/Prefabs/PREF_props_bottle_02.prefab using Guid(9cf0a92a7199aae459d6433b9de08643) Importer(815301076,1909f56bfc062723c751e8b465ee728b) (PreviewImporter) -> (artifact id: 'e7572cbe77d10df1af89e18e04cb9315') in 0.0222179 seconds
Number of updated asset objects reloaded before import = 0Number of asset objects unloaded after import = 10

========================================================================
Received Import Request.
  Time since last request: 0.000051 seconds.
  path: Assets/GARAGE/Prefabs/PREF_floor_01.prefab
  artifactKey: Guid(26be7bf474ebba14688eb94b5edc03ce) Importer(815301076,1909f56bfc062723c751e8b465ee728b)
Start importing Assets/GARAGE/Prefabs/PREF_floor_01.prefab using Guid(26be7bf474ebba14688eb94b5edc03ce) Importer(815301076,1909f56bfc062723c751e8b465ee728b) (PreviewImporter) -> (artifact id: 'f648585744f4b47f2cc1cdb38da5c828') in 0.0251809 seconds
Number of updated asset objects reloaded before import = 0Number of asset objects unloaded after import = 10

========================================================================
Received Import Request.
  Time since last request: 0.000058 seconds.
  path: Assets/GARAGE/Prefabs/PREF_DEMO_GARAGE.prefab
  artifactKey: Guid(9270563631a4fb043b62aea168747f31) Importer(815301076,1909f56bfc062723c751e8b465ee728b)
Start importing Assets/GARAGE/Prefabs/PREF_DEMO_GARAGE.prefab using Guid(9270563631a4fb043b62aea168747f31) Importer(815301076,1909f56bfc062723c751e8b465ee728b) (PreviewImporter) -> (artifact id: '9c3c9b0f91a9430460e330769f85f80c') in 0.0910174 seconds
Number of updated asset objects reloaded before import = 0Number of asset objects unloaded after import = 891

========================================================================
Received Import Request.
  Time since last request: 0.000038 seconds.
  path: Assets/GARAGE/Models/mesh_props_book_03.fbx
  artifactKey: Guid(c12f0f185bf14854d8aba6356d158c48) Importer(815301076,1909f56bfc062723c751e8b465ee728b)
Start importing Assets/GARAGE/Models/mesh_props_book_03.fbx using Guid(c12f0f185bf14854d8aba6356d158c48) Importer(815301076,1909f56bfc062723c751e8b465ee728b) (PreviewImporter) -> (artifact id: '1be00554b96e8ba5fa152392f96db0ca') in 0.0268005 seconds
Number of updated asset objects reloaded before import = 0Number of asset objects unloaded after import = 9

========================================================================
Received Import Request.
  Time since last request: 0.000039 seconds.
  path: Assets/GARAGE/Models/mesh_props_battery_01.fbx
  artifactKey: Guid(0ff9504bc26103f448c28ea6fcb1d0ad) Importer(815301076,1909f56bfc062723c751e8b465ee728b)
Start importing Assets/GARAGE/Models/mesh_props_battery_01.fbx using Guid(0ff9504bc26103f448c28ea6fcb1d0ad) Importer(815301076,1909f56bfc062723c751e8b465ee728b) (PreviewImporter) -> (artifact id: '4780186e193101eda169299885ef4530') in 0.0278075 seconds
Number of updated asset objects reloaded before import = 0Number of asset objects unloaded after import = 9

========================================================================
Received Import Request.
  Time since last request: 0.000056 seconds.
  path: Assets/GARAGE/Models/mesh_props_barbell_01.fbx
  artifactKey: Guid(85354e67c4ea3a546981a7523ea34e81) Importer(815301076,1909f56bfc062723c751e8b465ee728b)
Start importing Assets/GARAGE/Models/mesh_props_barbell_01.fbx using Guid(85354e67c4ea3a546981a7523ea34e81) Importer(815301076,1909f56bfc062723c751e8b465ee728b) (PreviewImporter) -> (artifact id: 'bf0cbf74dee6b321b8e50e833e1885ad') in 0.0259351 seconds
Number of updated asset objects reloaded before import = 0Number of asset objects unloaded after import = 9

========================================================================
Received Import Request.
  Time since last request: 0.000025 seconds.
  path: Assets/GARAGE/Models/mesh_props_book_01.fbx
  artifactKey: Guid(30370441ee019a64ba7c8a6a657c4b3a) Importer(815301076,1909f56bfc062723c751e8b465ee728b)
Start importing Assets/GARAGE/Models/mesh_props_book_01.fbx using Guid(30370441ee019a64ba7c8a6a657c4b3a) Importer(815301076,1909f56bfc062723c751e8b465ee728b) (PreviewImporter) -> (artifact id: '9eb061a0acddc6a42365962139fae11f') in 0.0148583 seconds
Number of updated asset objects reloaded before import = 0Number of asset objects unloaded after import = 9

========================================================================
Received Import Request.
  Time since last request: 0.000025 seconds.
  path: Assets/GARAGE/Models/mesh_pit_01.fbx
  artifactKey: Guid(036c6910adf7b124b9bc674eb4b0e88d) Importer(815301076,1909f56bfc062723c751e8b465ee728b)
Start importing Assets/GARAGE/Models/mesh_pit_01.fbx using Guid(036c6910adf7b124b9bc674eb4b0e88d) Importer(815301076,1909f56bfc062723c751e8b465ee728b) (PreviewImporter) -> (artifact id: 'c468f6e3057eb615c4cf8061a11e3297') in 0.0247285 seconds
Number of updated asset objects reloaded before import = 0Number of asset objects unloaded after import = 9

========================================================================
Received Import Request.
  Time since last request: 0.000024 seconds.
  path: Assets/GARAGE/Models/mesh_props_barbell_02.fbx
  artifactKey: Guid(50b7528a12f7f3543b87404118bc8f0a) Importer(815301076,1909f56bfc062723c751e8b465ee728b)
Start importing Assets/GARAGE/Models/mesh_props_barbell_02.fbx using Guid(50b7528a12f7f3543b87404118bc8f0a) Importer(815301076,1909f56bfc062723c751e8b465ee728b) (PreviewImporter) -> (artifact id: '7058399d0a90c5304296d62d18e7b2f3') in 0.0246661 seconds
Number of updated asset objects reloaded before import = 0Number of asset objects unloaded after import = 9

========================================================================
Received Import Request.
  Time since last request: 0.000056 seconds.
  path: Assets/GARAGE/Models/mesh_props_book_05.fbx
  artifactKey: Guid(bc19cebdfcda8d5448574039842167c3) Importer(815301076,1909f56bfc062723c751e8b465ee728b)
Start importing Assets/GARAGE/Models/mesh_props_book_05.fbx using Guid(bc19cebdfcda8d5448574039842167c3) Importer(815301076,1909f56bfc062723c751e8b465ee728b) (PreviewImporter) -> (artifact id: 'f44c7868d85fca18edfb09c654b62b39') in 0.0186144 seconds
Number of updated asset objects reloaded before import = 0Number of asset objects unloaded after import = 9

========================================================================
Received Import Request.
  Time since last request: 0.000038 seconds.
  path: Assets/GARAGE/Models/mesh_props_book_06.fbx
  artifactKey: Guid(52564749c65a05b4a87d1f90d4f0db2c) Importer(815301076,1909f56bfc062723c751e8b465ee728b)
Start importing Assets/GARAGE/Models/mesh_props_book_06.fbx using Guid(52564749c65a05b4a87d1f90d4f0db2c) Importer(815301076,1909f56bfc062723c751e8b465ee728b) (PreviewImporter) -> (artifact id: 'e511d78a984b38572d09a21367b053e0') in 0.0251735 seconds
Number of updated asset objects reloaded before import = 0Number of asset objects unloaded after import = 9

========================================================================
Received Import Request.
  Time since last request: 0.000027 seconds.
  path: Assets/GARAGE/Models/mesh_props_book_02.fbx
  artifactKey: Guid(ee0f932820e4e224fb1b3e46134e37f3) Importer(815301076,1909f56bfc062723c751e8b465ee728b)
Start importing Assets/GARAGE/Models/mesh_props_book_02.fbx using Guid(ee0f932820e4e224fb1b3e46134e37f3) Importer(815301076,1909f56bfc062723c751e8b465ee728b) (PreviewImporter) -> (artifact id: 'cadeb673d254fa4fee4bcf3e029fe8d1') in 0.0156561 seconds
Number of updated asset objects reloaded before import = 0Number of asset objects unloaded after import = 9

========================================================================
Received Import Request.
  Time since last request: 0.000026 seconds.
  path: Assets/GARAGE/Prefabs/PREF_door_01.prefab
  artifactKey: Guid(20bdb3617c20ff948aaa89b09816e648) Importer(815301076,1909f56bfc062723c751e8b465ee728b)
Start importing Assets/GARAGE/Prefabs/PREF_door_01.prefab using Guid(20bdb3617c20ff948aaa89b09816e648) Importer(815301076,1909f56bfc062723c751e8b465ee728b) (PreviewImporter) -> (artifact id: '1e94ec59afc289fef98a44370f15ceb5') in 0.0210869 seconds
Number of updated asset objects reloaded before import = 0Number of asset objects unloaded after import = 10

========================================================================
Received Import Request.
  Time since last request: 0.000022 seconds.
  path: Assets/GARAGE/Models/mesh_floor_01.fbx
  artifactKey: Guid(b661466405c27434a929f321ab157374) Importer(815301076,1909f56bfc062723c751e8b465ee728b)
Start importing Assets/GARAGE/Models/mesh_floor_01.fbx using Guid(b661466405c27434a929f321ab157374) Importer(815301076,1909f56bfc062723c751e8b465ee728b) (PreviewImporter) -> (artifact id: 'bace9ca1a4654c4e33a5d52bf63effe4') in 0.0249055 seconds
Number of updated asset objects reloaded before import = 0Number of asset objects unloaded after import = 9

========================================================================
Received Import Request.
  Time since last request: 0.000051 seconds.
  path: Assets/GARAGE/Models/mesh_props_book_shelf_01.fbx
  artifactKey: Guid(b49f6a7b241b5274c8fb2fa80658f4de) Importer(815301076,1909f56bfc062723c751e8b465ee728b)
Start importing Assets/GARAGE/Models/mesh_props_book_shelf_01.fbx using Guid(b49f6a7b241b5274c8fb2fa80658f4de) Importer(815301076,1909f56bfc062723c751e8b465ee728b) (PreviewImporter) -> (artifact id: '22520d2cabcf431c3521d67d23d57332') in 0.0233443 seconds
Number of updated asset objects reloaded before import = 0Number of asset objects unloaded after import = 9

========================================================================
Received Import Request.
  Time since last request: 0.000047 seconds.
  path: Assets/GARAGE/Models/mesh_props_bottle_03.fbx
  artifactKey: Guid(e36749a19f540c7429fade43a4037213) Importer(815301076,1909f56bfc062723c751e8b465ee728b)
Start importing Assets/GARAGE/Models/mesh_props_bottle_03.fbx using Guid(e36749a19f540c7429fade43a4037213) Importer(815301076,1909f56bfc062723c751e8b465ee728b) (PreviewImporter) -> (artifact id: 'f201b15d56f9784d0d0690dad112af9a') in 0.0262152 seconds
Number of updated asset objects reloaded before import = 0Number of asset objects unloaded after import = 9

========================================================================
Received Import Request.
  Time since last request: 0.000034 seconds.
  path: Assets/GARAGE/Prefabs/PREF_props_book_01.prefab
  artifactKey: Guid(1c057a0e0bbdac349b483d5b06e93fce) Importer(815301076,1909f56bfc062723c751e8b465ee728b)
Start importing Assets/GARAGE/Prefabs/PREF_props_book_01.prefab using Guid(1c057a0e0bbdac349b483d5b06e93fce) Importer(815301076,1909f56bfc062723c751e8b465ee728b) (PreviewImporter) -> (artifact id: 'ab80e76677e577a7f7e3433884ea18b8') in 0.0200332 seconds
Number of updated asset objects reloaded before import = 0Number of asset objects unloaded after import = 10

========================================================================
Received Import Request.
  Time since last request: 0.000039 seconds.
  path: Assets/GARAGE/Models/mesh_props_bottle_01.fbx
  artifactKey: Guid(db1e9303e8c70564097dcbdc770c9c7f) Importer(815301076,1909f56bfc062723c751e8b465ee728b)
Start importing Assets/GARAGE/Models/mesh_props_bottle_01.fbx using Guid(db1e9303e8c70564097dcbdc770c9c7f) Importer(815301076,1909f56bfc062723c751e8b465ee728b) (PreviewImporter) -> (artifact id: 'db8aa6d45b5fed78a5cd4beb395e7e68') in 0.0170114 seconds
Number of updated asset objects reloaded before import = 0Number of asset objects unloaded after import = 9

========================================================================
Received Import Request.
  Time since last request: 0.000026 seconds.
  path: Assets/GARAGE/Prefabs/PREF_props_book_04.prefab
  artifactKey: Guid(9d236bb7ed736614bbb60fd648ca2a1c) Importer(815301076,1909f56bfc062723c751e8b465ee728b)
Start importing Assets/GARAGE/Prefabs/PREF_props_book_04.prefab using Guid(9d236bb7ed736614bbb60fd648ca2a1c) Importer(815301076,1909f56bfc062723c751e8b465ee728b) (PreviewImporter) -> (artifact id: '1207182532dce12a7e826d62c15fc4f3') in 0.0197286 seconds
Number of updated asset objects reloaded before import = 0Number of asset objects unloaded after import = 10

========================================================================
Received Import Request.
  Time since last request: 3.155432 seconds.
  path: Assets/GARAGE/Scenes/Garage_demo_01/Lightmap-0_comp_light.exr
  artifactKey: Guid(a734a6b59758d5d4d8684911999ad6eb) Importer(815301076,1909f56bfc062723c751e8b465ee728b)
Start importing Assets/GARAGE/Scenes/Garage_demo_01/Lightmap-0_comp_light.exr using Guid(a734a6b59758d5d4d8684911999ad6eb) Importer(815301076,1909f56bfc062723c751e8b465ee728b) (PreviewImporter) -> (artifact id: '006ae9ed1525fcb9a27ac2d867055ca2') in 0.0459863 seconds
Number of updated asset objects reloaded before import = 0Number of asset objects unloaded after import = 2

========================================================================
Received Import Request.
  Time since last request: 11.196174 seconds.
  path: Assets/GARAGE/Models/Materials/MAT_tv_01.mat
  artifactKey: Guid(52d5cd62edc576d459b3ed7cda363309) Importer(815301076,1909f56bfc062723c751e8b465ee728b)
Start importing Assets/GARAGE/Models/Materials/MAT_tv_01.mat using Guid(52d5cd62edc576d459b3ed7cda363309) Importer(815301076,1909f56bfc062723c751e8b465ee728b) (PreviewImporter) -> (artifact id: '7bf2697dbca89ba273158826cc281d4d') in 0.0337216 seconds
Number of updated asset objects reloaded before import = 0Number of asset objects unloaded after import = 1

Editor requested this worker to shutdown with reason: Scaling down because of idle timeout
AssetImportWorker is now disconnected from the server
Process exiting
Exiting without the bug reporter. Application will terminate with return code 0