Using pre-set license
Built from '6000.0/staging' branch; Version is '6000.0.40f1 (157d81624ddf) revision 1408385'; Using compiler version '193933523'; Build Type 'Release'
OS: 'Windows 11  (10.0.26100) 64bit Core' Language: 'en' Physical Memory: 32469 MB
BatchMode: 1, IsHumanControllingUs: 0, StartBugReporterOnCrash: 0, Is64bit: 1, IsPro: 1

COMMAND LINE ARGUMENTS:
C:\Program Files\Unity\Hub\Editor\6000.0.40f1\Editor\Unity.exe
-adb2
-batchMode
-noUpm
-name
AssetImportWorker2
-projectPath
C:/Users/Admin/Ad Drone Tycoon
-logFile
Logs/AssetImportWorker2.log
-srvPort
54090
-job-worker-count
7
-background-job-worker-count
8
-gc-helper-count
1
Successfully changed project path to: C:/Users/Admin/Ad Drone Tycoon
C:/Users/Admin/Ad Drone Tycoon
[UnityMemory] Configuration Parameters - Can be set up in boot.config
    "memorysetup-bucket-allocator-granularity=16"
    "memorysetup-bucket-allocator-bucket-count=8"
    "memorysetup-bucket-allocator-block-size=33554432"
    "memorysetup-bucket-allocator-block-count=8"
    "memorysetup-main-allocator-block-size=16777216"
    "memorysetup-thread-allocator-block-size=16777216"
    "memorysetup-gfx-main-allocator-block-size=16777216"
    "memorysetup-gfx-thread-allocator-block-size=16777216"
    "memorysetup-cache-allocator-block-size=4194304"
    "memorysetup-typetree-allocator-block-size=2097152"
    "memorysetup-profiler-bucket-allocator-granularity=16"
    "memorysetup-profiler-bucket-allocator-bucket-count=8"
    "memorysetup-profiler-bucket-allocator-block-size=33554432"
    "memorysetup-profiler-bucket-allocator-block-count=8"
    "memorysetup-profiler-allocator-block-size=16777216"
    "memorysetup-profiler-editor-allocator-block-size=1048576"
    "memorysetup-temp-allocator-size-main=16777216"
    "memorysetup-job-temp-allocator-block-size=2097152"
    "memorysetup-job-temp-allocator-block-size-background=1048576"
    "memorysetup-job-temp-allocator-reduction-small-platforms=262144"
    "memorysetup-allocator-temp-initial-block-size-main=262144"
    "memorysetup-allocator-temp-initial-block-size-worker=262144"
    "memorysetup-temp-allocator-size-background-worker=32768"
    "memorysetup-temp-allocator-size-job-worker=262144"
    "memorysetup-temp-allocator-size-preload-manager=33554432"
    "memorysetup-temp-allocator-size-nav-mesh-worker=65536"
    "memorysetup-temp-allocator-size-audio-worker=65536"
    "memorysetup-temp-allocator-size-cloud-worker=32768"
    "memorysetup-temp-allocator-size-gi-baking-worker=262144"
    "memorysetup-temp-allocator-size-gi-baking-worker=262144"
    "memorysetup-temp-allocator-size-gi-baking-worker=262144"
    "memorysetup-temp-allocator-size-gi-baking-worker=262144"
    "memorysetup-temp-allocator-size-gi-baking-worker=262144"
    "memorysetup-temp-allocator-size-gfx=262144"
Player connection [2812]  Target information:

Player connection [2812]  * "[IP] 192.168.10.22 [Port] 0 [Flags] 2 [Guid] 1906500051 [EditorId] 1906500051 [Version] 1048832 [Id] WindowsEditor(7,MSI) [Debug] 1 [PackageName] WindowsEditor [ProjectName] Editor" 

Player connection [2812] Host joined multi-casting on [225.0.0.222:54997]...
Player connection [2812] Host joined alternative multi-casting on [225.0.0.222:34997]...
JobSystem: Creating JobQueue using job-worker-count value 7
Input System module state changed to: Initialized.
[Physics::Module] Initialized fallback backend.
[Physics::Module] Id: 0xdecafbad
Library Redirect Path: Library/
[Physics::Module] Selected backend.
[Physics::Module] Name: PhysX
[Physics::Module] Id: 0xf2b8ea05
[Physics::Module] SDK Version: 4.1.2
[Physics::Module] Integration Version: 1.0.0
[Physics::Module] Threading Mode: Multi-Threaded
Refreshing native plugins compatible for Editor in 105.15 ms, found 3 plugins.
Preloading 0 native plugins for Editor in 0.00 ms.
Initialize engine version: 6000.0.40f1 (157d81624ddf)
[Subsystems] Discovering subsystems at path C:/Program Files/Unity/Hub/Editor/6000.0.40f1/Editor/Data/Resources/UnitySubsystems
[Subsystems] Discovering subsystems at path C:/Users/Admin/Ad Drone Tycoon/Assets
GfxDevice: creating device client; kGfxThreadingModeNonThreaded
Direct3D:
    Version:  Direct3D 11.0 [level 11.1]
    Renderer: NVIDIA GeForce RTX 3050 Ti Laptop GPU (ID=0x25a0)
    Vendor:   NVIDIA
    VRAM:     3962 MB
    Driver:   32.0.15.5599
Initialize mono
Mono path[0] = 'C:/Program Files/Unity/Hub/Editor/6000.0.40f1/Editor/Data/Managed'
Mono path[1] = 'C:/Program Files/Unity/Hub/Editor/6000.0.40f1/Editor/Data/MonoBleedingEdge/lib/mono/unityjit-win32'
Mono config path = 'C:/Program Files/Unity/Hub/Editor/6000.0.40f1/Editor/Data/MonoBleedingEdge/etc'
Using monoOptions --debugger-agent=transport=dt_socket,embedding=1,server=y,suspend=n,address=127.0.0.1:56572
Begin MonoManager ReloadAssembly
Registering precompiled unity dll's ...
Register platform support module: C:/Program Files/Unity/Hub/Editor/6000.0.40f1/Editor/Data/PlaybackEngines/WindowsStandaloneSupport/UnityEditor.WindowsStandalone.Extensions.dll
Registered in 0.004839 seconds.
- Loaded All Assemblies, in  1.006 seconds
Native extension for WindowsStandalone target not found
Mono: successfully reloaded assembly
- Finished resetting the current domain, in  0.411 seconds
Domain Reload Profiling: 1415ms
	BeginReloadAssembly (156ms)
		ExecutionOrderSort (0ms)
		DisableScriptedObjects (0ms)
		BackupInstance (0ms)
		ReleaseScriptingObjects (0ms)
		CreateAndSetChildDomain (1ms)
	RebuildCommonClasses (191ms)
	RebuildNativeTypeToScriptingClass (14ms)
	initialDomainReloadingComplete (58ms)
	LoadAllAssembliesAndSetupDomain (585ms)
		LoadAssemblies (153ms)
		RebuildTransferFunctionScriptingTraits (0ms)
		AnalyzeDomain (582ms)
			TypeCache.Refresh (580ms)
				TypeCache.ScanAssembly (565ms)
			BuildScriptInfoCaches (0ms)
			ResolveRequiredComponents (1ms)
	FinalizeReload (412ms)
		ReleaseScriptCaches (0ms)
		RebuildScriptCaches (0ms)
		SetupLoadedEditorAssemblies (352ms)
			LogAssemblyErrors (0ms)
			InitializePlatformSupportModulesInManaged (28ms)
			SetLoadedEditorAssemblies (6ms)
			BeforeProcessingInitializeOnLoad (64ms)
			ProcessInitializeOnLoadAttributes (172ms)
			ProcessInitializeOnLoadMethodAttributes (81ms)
			AfterProcessingInitializeOnLoad (0ms)
			EditorAssembliesLoaded (0ms)
		ExecutionOrderSort2 (0ms)
		AwakeInstancesAfterBackupRestoration (0ms)
========================================================================
Worker process is ready to serve import requests
Import Worker Mode flag is 0x00
Begin MonoManager ReloadAssembly
- Loaded All Assemblies, in  1.036 seconds
Refreshing native plugins compatible for Editor in 1.30 ms, found 3 plugins.
Native extension for WindowsStandalone target not found
Mono: successfully reloaded assembly
- Finished resetting the current domain, in  1.407 seconds
Domain Reload Profiling: 2440ms
	BeginReloadAssembly (198ms)
		ExecutionOrderSort (0ms)
		DisableScriptedObjects (11ms)
		BackupInstance (0ms)
		ReleaseScriptingObjects (0ms)
		CreateAndSetChildDomain (29ms)
	RebuildCommonClasses (45ms)
	RebuildNativeTypeToScriptingClass (18ms)
	initialDomainReloadingComplete (43ms)
	LoadAllAssembliesAndSetupDomain (727ms)
		LoadAssemblies (463ms)
		RebuildTransferFunctionScriptingTraits (0ms)
		AnalyzeDomain (382ms)
			TypeCache.Refresh (291ms)
				TypeCache.ScanAssembly (218ms)
			BuildScriptInfoCaches (66ms)
			ResolveRequiredComponents (20ms)
	FinalizeReload (1408ms)
		ReleaseScriptCaches (0ms)
		RebuildScriptCaches (0ms)
		SetupLoadedEditorAssemblies (845ms)
			LogAssemblyErrors (0ms)
			InitializePlatformSupportModulesInManaged (3ms)
			SetLoadedEditorAssemblies (6ms)
			BeforeProcessingInitializeOnLoad (221ms)
			ProcessInitializeOnLoadAttributes (487ms)
			ProcessInitializeOnLoadMethodAttributes (118ms)
			AfterProcessingInitializeOnLoad (9ms)
			EditorAssembliesLoaded (0ms)
		ExecutionOrderSort2 (0ms)
		AwakeInstancesAfterBackupRestoration (8ms)
Launched and connected shader compiler UnityShaderCompiler.exe after 0.05 seconds
Refreshing native plugins compatible for Editor in 1.82 ms, found 3 plugins.
Preloading 0 native plugins for Editor in 0.00 ms.
Unloading 198 Unused Serialized files (Serialized files now loaded: 0)
Unloading 5986 unused Assets / (6.6 MB). Loaded Objects now: 6628.
Memory consumption went from 155.8 MB to 149.2 MB.
Total: 12.595800 ms (FindLiveObjects: 0.825900 ms CreateObjectMapping: 0.635900 ms MarkObjects: 6.542000 ms  DeleteObjects: 4.590200 ms)

========================================================================
Received Import Request.
  Time since last request: 1215386.130537 seconds.
  path: Assets/Data/EffectData/Drone/CharginSpeed/Eff_DroneChargingSpeed2.asset
  artifactKey: Guid(23a8a5f06d20a35479d92d7bad054500) Importer(815301076,1909f56bfc062723c751e8b465ee728b)
Start importing Assets/Data/EffectData/Drone/CharginSpeed/Eff_DroneChargingSpeed2.asset using Guid(23a8a5f06d20a35479d92d7bad054500) Importer(815301076,1909f56bfc062723c751e8b465ee728b) (PreviewImporter) -> (artifact id: '27c94a3bc7074d5de247ad2dba8926d0') in 0.0326081 seconds
Number of updated asset objects reloaded before import = 0Number of asset objects unloaded after import = 1

========================================================================
Received Import Request.
  Time since last request: 0.000029 seconds.
  path: Assets/Data/EffectData/Drone/CharginSpeed/Eff_DroneChargingSpeed10.asset
  artifactKey: Guid(72ee53e66e6a40d459e4c1d403eaa17d) Importer(815301076,1909f56bfc062723c751e8b465ee728b)
Start importing Assets/Data/EffectData/Drone/CharginSpeed/Eff_DroneChargingSpeed10.asset using Guid(72ee53e66e6a40d459e4c1d403eaa17d) Importer(815301076,1909f56bfc062723c751e8b465ee728b) (PreviewImporter) -> (artifact id: '4bed9744752176b6cd9301b053d2ef62') in 0.0017433 seconds
Number of updated asset objects reloaded before import = 0Number of asset objects unloaded after import = 1

========================================================================
Received Import Request.
  Time since last request: 55.721702 seconds.
  path: Assets/Data/EffectData/Drone/CharginSpeed/Eff_DroneSpeed2.asset
  artifactKey: Guid(e0551e948488e1e4093d085b5b588df9) Importer(815301076,1909f56bfc062723c751e8b465ee728b)
Start importing Assets/Data/EffectData/Drone/CharginSpeed/Eff_DroneSpeed2.asset using Guid(e0551e948488e1e4093d085b5b588df9) Importer(815301076,1909f56bfc062723c751e8b465ee728b) (PreviewImporter) -> (artifact id: '132fd4e76a48a450cddf8e147ab21bb6') in 0.0013243 seconds
Number of updated asset objects reloaded before import = 0Number of asset objects unloaded after import = 1

========================================================================
Received Import Request.
  Time since last request: 0.000020 seconds.
  path: Assets/Data/EffectData/Drone/CharginSpeed/Eff_DroneSpeed8.asset
  artifactKey: Guid(f49b0288a27fadb44a0899ac442aa198) Importer(815301076,1909f56bfc062723c751e8b465ee728b)
Start importing Assets/Data/EffectData/Drone/CharginSpeed/Eff_DroneSpeed8.asset using Guid(f49b0288a27fadb44a0899ac442aa198) Importer(815301076,1909f56bfc062723c751e8b465ee728b) (PreviewImporter) -> (artifact id: 'de7b8412b78a4a888b9114f4f808ced5') in 0.0013237 seconds
Number of updated asset objects reloaded before import = 0Number of asset objects unloaded after import = 1

========================================================================
Received Import Request.
  Time since last request: 0.000015 seconds.
  path: Assets/Data/EffectData/Drone/CharginSpeed/Eff_DroneStability2.asset
  artifactKey: Guid(47f620ac7709bad4ca85970839a8a243) Importer(815301076,1909f56bfc062723c751e8b465ee728b)
Start importing Assets/Data/EffectData/Drone/CharginSpeed/Eff_DroneStability2.asset using Guid(47f620ac7709bad4ca85970839a8a243) Importer(815301076,1909f56bfc062723c751e8b465ee728b) (PreviewImporter) -> (artifact id: '6f769fb3a3f866d3a71098359128cc4b') in 0.0015511 seconds
Number of updated asset objects reloaded before import = 0Number of asset objects unloaded after import = 1

========================================================================
Received Import Request.
  Time since last request: 0.744024 seconds.
  path: Assets/Data/EffectData/Drone/CharginSpeed/Eff_DroneStability4.asset
  artifactKey: Guid(f4b6d25317c90114bb661c10115b0350) Importer(815301076,1909f56bfc062723c751e8b465ee728b)
Start importing Assets/Data/EffectData/Drone/CharginSpeed/Eff_DroneStability4.asset using Guid(f4b6d25317c90114bb661c10115b0350) Importer(815301076,1909f56bfc062723c751e8b465ee728b) (PreviewImporter) -> (artifact id: 'ff0b7491169b2b2e78cc7c716f292745') in 0.0013274 seconds
Number of updated asset objects reloaded before import = 0Number of asset objects unloaded after import = 1

========================================================================
Received Import Request.
  Time since last request: 0.000030 seconds.
  path: Assets/Data/EffectData/Drone/CharginSpeed/Eff_DroneStability8.asset
  artifactKey: Guid(1c6ab9fcb47649f449a76b66da39e623) Importer(815301076,1909f56bfc062723c751e8b465ee728b)
Start importing Assets/Data/EffectData/Drone/CharginSpeed/Eff_DroneStability8.asset using Guid(1c6ab9fcb47649f449a76b66da39e623) Importer(815301076,1909f56bfc062723c751e8b465ee728b) (PreviewImporter) -> (artifact id: '92d6472a6461c90a87a067da2c162d28') in 0.001169 seconds
Number of updated asset objects reloaded before import = 0Number of asset objects unloaded after import = 1

========================================================================
Received Import Request.
  Time since last request: 0.000017 seconds.
  path: Assets/Data/EffectData/Drone/CharginSpeed/Eff_DroneStability9.asset
  artifactKey: Guid(d025c726f8b0cf340990fb0d549766b9) Importer(815301076,1909f56bfc062723c751e8b465ee728b)
Start importing Assets/Data/EffectData/Drone/CharginSpeed/Eff_DroneStability9.asset using Guid(d025c726f8b0cf340990fb0d549766b9) Importer(815301076,1909f56bfc062723c751e8b465ee728b) (PreviewImporter) -> (artifact id: 'be53c37f63631d69f20f81382bd87ebe') in 0.0012715 seconds
Number of updated asset objects reloaded before import = 0Number of asset objects unloaded after import = 1

========================================================================
Received Import Request.
  Time since last request: 61.740777 seconds.
  path: Assets/Data/EffectData/Drone/RepairCost/Eff_DroneRepairCost2.asset
  artifactKey: Guid(978b9c2f97603654eb4f5fe32016b747) Importer(815301076,1909f56bfc062723c751e8b465ee728b)
Start importing Assets/Data/EffectData/Drone/RepairCost/Eff_DroneRepairCost2.asset using Guid(978b9c2f97603654eb4f5fe32016b747) Importer(815301076,1909f56bfc062723c751e8b465ee728b) (PreviewImporter) -> (artifact id: '7bf0d343d0e867d1334d44356d2051dd') in 0.0012308 seconds
Number of updated asset objects reloaded before import = 0Number of asset objects unloaded after import = 1

========================================================================
Received Import Request.
  Time since last request: 0.000017 seconds.
  path: Assets/Data/EffectData/Drone/RepairCost/Eff_DroneRepairCost7.asset
  artifactKey: Guid(4a5be74e32f51004ba18eed11c5379d8) Importer(815301076,1909f56bfc062723c751e8b465ee728b)
Start importing Assets/Data/EffectData/Drone/RepairCost/Eff_DroneRepairCost7.asset using Guid(4a5be74e32f51004ba18eed11c5379d8) Importer(815301076,1909f56bfc062723c751e8b465ee728b) (PreviewImporter) -> (artifact id: '4f7cc6bdd8d5ba3ed271419c2ee76cb8') in 0.0015229 seconds
Number of updated asset objects reloaded before import = 0Number of asset objects unloaded after import = 1

========================================================================
Received Import Request.
  Time since last request: 0.000024 seconds.
  path: Assets/Data/EffectData/Drone/RepairCost/Eff_DroneRepairCost10.asset
  artifactKey: Guid(edd0c97ade8fc15499eff716b226673e) Importer(815301076,1909f56bfc062723c751e8b465ee728b)
Start importing Assets/Data/EffectData/Drone/RepairCost/Eff_DroneRepairCost10.asset using Guid(edd0c97ade8fc15499eff716b226673e) Importer(815301076,1909f56bfc062723c751e8b465ee728b) (PreviewImporter) -> (artifact id: 'd501279aed80570fa5d59098d72ab726') in 0.0013101 seconds
Number of updated asset objects reloaded before import = 0Number of asset objects unloaded after import = 1

Editor requested this worker to shutdown with reason: Scaling down because of idle timeout
AssetImportWorker is now disconnected from the server
Process exiting
Exiting without the bug reporter. Application will terminate with return code 0